<?xml version="1.0" encoding="UTF-8"?>
<coverage generated="1638665520234" clover="3.2.0">
  <project timestamp="1638665520234" name="All files">
    <metrics statements="65" coveredstatements="65" conditionals="10" coveredconditionals="10" methods="29" coveredmethods="29" elements="104" coveredelements="104" complexity="0" loc="65" ncloc="65" packages="1" files="5" classes="5"/>
    <file name="App.js" path="C:\Users\asus\Desktop\CSE 183\asgn8_real\cse-183-final-project\frontend\src\components\App.js">
      <metrics statements="1" coveredstatements="1" conditionals="0" coveredconditionals="0" methods="1" coveredmethods="1"/>
      <line num="20" count="11" type="stmt"/>
    </file>
    <file name="Category.js" path="C:\Users\asus\Desktop\CSE 183\asgn8_real\cse-183-final-project\frontend\src\components\Category.js">
      <metrics statements="1" coveredstatements="1" conditionals="0" coveredconditionals="0" methods="1" coveredmethods="1"/>
      <line num="30" count="1" type="stmt"/>
    </file>
    <file name="CreateUser.js" path="C:\Users\asus\Desktop\CSE 183\asgn8_real\cse-183-final-project\frontend\src\components\CreateUser.js">
      <metrics statements="17" coveredstatements="17" conditionals="0" coveredconditionals="0" methods="7" coveredmethods="7"/>
      <line num="19" count="4" type="stmt"/>
      <line num="34" count="3" type="stmt"/>
      <line num="35" count="3" type="stmt"/>
      <line num="37" count="3" type="stmt"/>
      <line num="38" count="24" type="stmt"/>
      <line num="39" count="24" type="stmt"/>
      <line num="40" count="24" type="stmt"/>
      <line num="41" count="24" type="stmt"/>
      <line num="44" count="3" type="stmt"/>
      <line num="45" count="1" type="stmt"/>
      <line num="46" count="1" type="stmt"/>
      <line num="55" count="1" type="stmt"/>
      <line num="59" count="1" type="stmt"/>
      <line num="60" count="1" type="stmt"/>
      <line num="64" count="3" type="stmt"/>
      <line num="104" count="3" type="stmt"/>
      <line num="105" count="3" type="stmt"/>
    </file>
    <file name="Homepage.js" path="C:\Users\asus\Desktop\CSE 183\asgn8_real\cse-183-final-project\frontend\src\components\Homepage.js">
      <metrics statements="29" coveredstatements="29" conditionals="10" coveredconditionals="10" methods="13" coveredmethods="13"/>
      <line num="15" count="15" type="stmt"/>
      <line num="44" count="4" type="stmt"/>
      <line num="45" count="2" type="stmt"/>
      <line num="52" count="2" type="stmt"/>
      <line num="57" count="2" type="stmt"/>
      <line num="66" count="4" type="stmt"/>
      <line num="67" count="1" type="stmt"/>
      <line num="71" count="1" type="stmt"/>
      <line num="76" count="1" type="stmt"/>
      <line num="86" count="34" type="stmt"/>
      <line num="87" count="34" type="stmt"/>
      <line num="88" count="34" type="cond" truecount="2" falsecount="0"/>
      <line num="89" count="34" type="stmt"/>
      <line num="90" count="34" type="stmt"/>
      <line num="91" count="34" type="stmt"/>
      <line num="92" count="2" type="stmt"/>
      <line num="93" count="2" type="stmt"/>
      <line num="96" count="34" type="stmt"/>
      <line num="97" count="12" type="stmt"/>
      <line num="100" count="34" type="stmt"/>
      <line num="101" count="14" type="cond" truecount="2" falsecount="0"/>
      <line num="102" count="2" type="cond" truecount="2" falsecount="0"/>
      <line num="103" count="1" type="stmt"/>
      <line num="109" count="34" type="stmt"/>
      <line num="112" count="34" type="stmt"/>
      <line num="113" count="2" type="stmt"/>
      <line num="114" count="2" type="stmt"/>
      <line num="124" count="34" type="stmt"/>
      <line num="242" count="19" type="stmt"/>
    </file>
    <file name="Login.js" path="C:\Users\asus\Desktop\CSE 183\asgn8_real\cse-183-final-project\frontend\src\components\Login.js">
      <metrics statements="17" coveredstatements="17" conditionals="0" coveredconditionals="0" methods="7" coveredmethods="7"/>
      <line num="19" count="6" type="stmt"/>
      <line num="34" count="6" type="stmt"/>
      <line num="35" count="6" type="stmt"/>
      <line num="37" count="6" type="stmt"/>
      <line num="38" count="50" type="stmt"/>
      <line num="39" count="50" type="stmt"/>
      <line num="40" count="50" type="stmt"/>
      <line num="41" count="50" type="stmt"/>
      <line num="43" count="6" type="stmt"/>
      <line num="44" count="2" type="stmt"/>
      <line num="45" count="2" type="stmt"/>
      <line num="56" count="1" type="stmt"/>
      <line num="60" count="1" type="stmt"/>
      <line num="61" count="1" type="stmt"/>
      <line num="69" count="6" type="stmt"/>
      <line num="99" count="6" type="stmt"/>
      <line num="100" count="6" type="stmt"/>
    </file>
  </project>
</coverage>
