{"C:\\Users\\asus\\Desktop\\CSE 183\\asgn8_real\\cse-183-final-project\\frontend\\src\\components\\App.js": {"path":"C:\\Users\\asus\\Desktop\\CSE 183\\asgn8_real\\cse-183-final-project\\frontend\\src\\components\\App.js","statementMap":{"0":{"start":{"line":20,"column":2},"end":{"line":30,"column":4}}},"fnMap":{"0":{"name":"App","decl":{"start":{"line":19,"column":9},"end":{"line":19,"column":12}},"loc":{"start":{"line":19,"column":15},"end":{"line":31,"column":1}},"line":19}},"branchMap":{},"s":{"0":11},"f":{"0":11},"b":{},"_coverageSchema":"1a1c01bbd47fc00a2c39e90264f33305004495a9","hash":"4b616a636ac0e34b5ac6c886abc6307cbf40aacf"}
,"C:\\Users\\asus\\Desktop\\CSE 183\\asgn8_real\\cse-183-final-project\\frontend\\src\\components\\Category.js": {"path":"C:\\Users\\asus\\Desktop\\CSE 183\\asgn8_real\\cse-183-final-project\\frontend\\src\\components\\Category.js","statementMap":{"0":{"start":{"line":30,"column":2},"end":{"line":142,"column":4}}},"fnMap":{"0":{"name":"CategoryScreen","decl":{"start":{"line":29,"column":24},"end":{"line":29,"column":38}},"loc":{"start":{"line":29,"column":41},"end":{"line":143,"column":1}},"line":29}},"branchMap":{},"s":{"0":1},"f":{"0":1},"b":{},"_coverageSchema":"1a1c01bbd47fc00a2c39e90264f33305004495a9","hash":"e68d3d67a07adeca0fb3aa5753e221934b48c494"}
,"C:\\Users\\asus\\Desktop\\CSE 183\\asgn8_real\\cse-183-final-project\\frontend\\src\\components\\CreateUser.js": {"path":"C:\\Users\\asus\\Desktop\\CSE 183\\asgn8_real\\cse-183-final-project\\frontend\\src\\components\\CreateUser.js","statementMap":{"0":{"start":{"line":19,"column":18},"end":{"line":26,"column":3}},"1":{"start":{"line":19,"column":41},"end":{"line":26,"column":1}},"2":{"start":{"line":34,"column":26},"end":{"line":34,"column":77}},"3":{"start":{"line":35,"column":18},"end":{"line":35,"column":30}},"4":{"start":{"line":37,"column":28},"end":{"line":42,"column":3}},"5":{"start":{"line":38,"column":26},"end":{"line":38,"column":38}},"6":{"start":{"line":39,"column":14},"end":{"line":39,"column":18}},"7":{"start":{"line":40,"column":4},"end":{"line":40,"column":20}},"8":{"start":{"line":41,"column":4},"end":{"line":41,"column":15}},"9":{"start":{"line":44,"column":19},"end":{"line":62,"column":3}},"10":{"start":{"line":45,"column":4},"end":{"line":45,"column":27}},"11":{"start":{"line":46,"column":4},"end":{"line":61,"column":9}},"12":{"start":{"line":55,"column":8},"end":{"line":55,"column":26}},"13":{"start":{"line":59,"column":8},"end":{"line":59,"column":59}},"14":{"start":{"line":60,"column":8},"end":{"line":60,"column":26}},"15":{"start":{"line":64,"column":2},"end":{"line":94,"column":4}},"16":{"start":{"line":104,"column":18},"end":{"line":104,"column":29}},"17":{"start":{"line":105,"column":2},"end":{"line":115,"column":4}}},"fnMap":{"0":{"name":"(anonymous_0)","decl":{"start":{"line":19,"column":29},"end":{"line":19,"column":30}},"loc":{"start":{"line":19,"column":41},"end":{"line":26,"column":1}},"line":19},"1":{"name":"CreateUser","decl":{"start":{"line":33,"column":9},"end":{"line":33,"column":19}},"loc":{"start":{"line":33,"column":22},"end":{"line":95,"column":1}},"line":33},"2":{"name":"(anonymous_2)","decl":{"start":{"line":37,"column":28},"end":{"line":37,"column":29}},"loc":{"start":{"line":37,"column":39},"end":{"line":42,"column":3}},"line":37},"3":{"name":"(anonymous_3)","decl":{"start":{"line":44,"column":19},"end":{"line":44,"column":20}},"loc":{"start":{"line":44,"column":30},"end":{"line":62,"column":3}},"line":44},"4":{"name":"(anonymous_4)","decl":{"start":{"line":53,"column":12},"end":{"line":53,"column":13}},"loc":{"start":{"line":53,"column":21},"end":{"line":56,"column":7}},"line":53},"5":{"name":"(anonymous_5)","decl":{"start":{"line":57,"column":12},"end":{"line":57,"column":13}},"loc":{"start":{"line":57,"column":22},"end":{"line":61,"column":7}},"line":57},"6":{"name":"CreateUserScreen","decl":{"start":{"line":103,"column":24},"end":{"line":103,"column":40}},"loc":{"start":{"line":103,"column":43},"end":{"line":116,"column":1}},"line":103}},"branchMap":{},"s":{"0":4,"1":3,"2":3,"3":3,"4":3,"5":24,"6":24,"7":24,"8":24,"9":3,"10":1,"11":1,"12":1,"13":1,"14":1,"15":3,"16":3,"17":3},"f":{"0":3,"1":3,"2":24,"3":1,"4":1,"5":1,"6":3},"b":{},"_coverageSchema":"1a1c01bbd47fc00a2c39e90264f33305004495a9","hash":"63f7db2d7860704049871172b0a9913dd06fc899"}
,"C:\\Users\\asus\\Desktop\\CSE 183\\asgn8_real\\cse-183-final-project\\frontend\\src\\components\\Homepage.js": {"path":"C:\\Users\\asus\\Desktop\\CSE 183\\asgn8_real\\cse-183-final-project\\frontend\\src\\components\\Homepage.js","statementMap":{"0":{"start":{"line":15,"column":18},"end":{"line":42,"column":3}},"1":{"start":{"line":15,"column":41},"end":{"line":42,"column":1}},"2":{"start":{"line":44,"column":22},"end":{"line":64,"column":1}},"3":{"start":{"line":45,"column":2},"end":{"line":63,"column":10}},"4":{"start":{"line":52,"column":6},"end":{"line":52,"column":29}},"5":{"start":{"line":57,"column":6},"end":{"line":57,"column":24}},"6":{"start":{"line":66,"column":23},"end":{"line":78,"column":1}},"7":{"start":{"line":67,"column":2},"end":{"line":77,"column":7}},"8":{"start":{"line":71,"column":6},"end":{"line":71,"column":29}},"9":{"start":{"line":76,"column":6},"end":{"line":76,"column":24}},"10":{"start":{"line":86,"column":18},"end":{"line":86,"column":29}},"11":{"start":{"line":87,"column":15},"end":{"line":87,"column":55}},"12":{"start":{"line":88,"column":26},"end":{"line":88,"column":63}},"13":{"start":{"line":89,"column":30},"end":{"line":89,"column":48}},"14":{"start":{"line":90,"column":34},"end":{"line":90,"column":52}},"15":{"start":{"line":91,"column":19},"end":{"line":94,"column":3}},"16":{"start":{"line":92,"column":4},"end":{"line":92,"column":33}},"17":{"start":{"line":93,"column":4},"end":{"line":93,"column":31}},"18":{"start":{"line":96,"column":23},"end":{"line":98,"column":3}},"19":{"start":{"line":97,"column":4},"end":{"line":97,"column":34}},"20":{"start":{"line":100,"column":20},"end":{"line":106,"column":3}},"21":{"start":{"line":101,"column":4},"end":{"line":105,"column":5}},"22":{"start":{"line":102,"column":6},"end":{"line":104,"column":7}},"23":{"start":{"line":103,"column":8},"end":{"line":103,"column":44}},"24":{"start":{"line":109,"column":34},"end":{"line":109,"column":52}},"25":{"start":{"line":112,"column":17},"end":{"line":117,"column":3}},"26":{"start":{"line":113,"column":4},"end":{"line":113,"column":36}},"27":{"start":{"line":114,"column":4},"end":{"line":114,"column":16}},"28":{"start":{"line":124,"column":2},"end":{"line":269,"column":4}},"29":{"start":{"line":242,"column":20},"end":{"line":254,"column":25}}},"fnMap":{"0":{"name":"(anonymous_0)","decl":{"start":{"line":15,"column":29},"end":{"line":15,"column":30}},"loc":{"start":{"line":15,"column":41},"end":{"line":42,"column":1}},"line":15},"1":{"name":"(anonymous_1)","decl":{"start":{"line":44,"column":22},"end":{"line":44,"column":23}},"loc":{"start":{"line":44,"column":39},"end":{"line":64,"column":1}},"line":44},"2":{"name":"(anonymous_2)","decl":{"start":{"line":48,"column":10},"end":{"line":48,"column":11}},"loc":{"start":{"line":48,"column":24},"end":{"line":53,"column":5}},"line":48},"3":{"name":"(anonymous_3)","decl":{"start":{"line":54,"column":10},"end":{"line":54,"column":11}},"loc":{"start":{"line":54,"column":20},"end":{"line":58,"column":5}},"line":54},"4":{"name":"(anonymous_4)","decl":{"start":{"line":66,"column":23},"end":{"line":66,"column":24}},"loc":{"start":{"line":66,"column":48},"end":{"line":78,"column":1}},"line":66},"5":{"name":"(anonymous_5)","decl":{"start":{"line":70,"column":10},"end":{"line":70,"column":11}},"loc":{"start":{"line":70,"column":24},"end":{"line":72,"column":5}},"line":70},"6":{"name":"(anonymous_6)","decl":{"start":{"line":73,"column":10},"end":{"line":73,"column":11}},"loc":{"start":{"line":73,"column":20},"end":{"line":77,"column":5}},"line":73},"7":{"name":"Homepage","decl":{"start":{"line":85,"column":9},"end":{"line":85,"column":17}},"loc":{"start":{"line":85,"column":20},"end":{"line":270,"column":1}},"line":85},"8":{"name":"(anonymous_8)","decl":{"start":{"line":91,"column":19},"end":{"line":91,"column":20}},"loc":{"start":{"line":91,"column":25},"end":{"line":94,"column":3}},"line":91},"9":{"name":"(anonymous_9)","decl":{"start":{"line":96,"column":23},"end":{"line":96,"column":24}},"loc":{"start":{"line":96,"column":34},"end":{"line":98,"column":3}},"line":96},"10":{"name":"(anonymous_10)","decl":{"start":{"line":100,"column":20},"end":{"line":100,"column":21}},"loc":{"start":{"line":100,"column":31},"end":{"line":106,"column":3}},"line":100},"11":{"name":"(anonymous_11)","decl":{"start":{"line":112,"column":17},"end":{"line":112,"column":18}},"loc":{"start":{"line":112,"column":23},"end":{"line":117,"column":3}},"line":112},"12":{"name":"(anonymous_12)","decl":{"start":{"line":241,"column":32},"end":{"line":241,"column":33}},"loc":{"start":{"line":242,"column":20},"end":{"line":254,"column":25}},"line":242}},"branchMap":{"0":{"loc":{"start":{"line":88,"column":41},"end":{"line":88,"column":62}},"type":"cond-expr","locations":[{"start":{"line":88,"column":48},"end":{"line":88,"column":57}},{"start":{"line":88,"column":60},"end":{"line":88,"column":62}}],"line":88},"1":{"loc":{"start":{"line":101,"column":4},"end":{"line":105,"column":5}},"type":"if","locations":[{"start":{"line":101,"column":4},"end":{"line":105,"column":5}},{"start":{},"end":{}}],"line":101},"2":{"loc":{"start":{"line":102,"column":6},"end":{"line":104,"column":7}},"type":"if","locations":[{"start":{"line":102,"column":6},"end":{"line":104,"column":7}},{"start":{},"end":{}}],"line":102},"3":{"loc":{"start":{"line":154,"column":19},"end":{"line":173,"column":29}},"type":"cond-expr","locations":[{"start":{"line":155,"column":20},"end":{"line":165,"column":26}},{"start":{"line":166,"column":20},"end":{"line":173,"column":29}}],"line":154},"4":{"loc":{"start":{"line":238,"column":13},"end":{"line":263,"column":23}},"type":"cond-expr","locations":[{"start":{"line":239,"column":14},"end":{"line":257,"column":22}},{"start":{"line":258,"column":14},"end":{"line":263,"column":23}}],"line":238}},"s":{"0":4,"1":15,"2":4,"3":2,"4":2,"5":2,"6":4,"7":1,"8":1,"9":1,"10":34,"11":34,"12":34,"13":34,"14":34,"15":34,"16":2,"17":2,"18":34,"19":12,"20":34,"21":14,"22":2,"23":1,"24":34,"25":34,"26":2,"27":2,"28":34,"29":19},"f":{"0":15,"1":2,"2":2,"3":2,"4":1,"5":1,"6":1,"7":34,"8":2,"9":12,"10":14,"11":2,"12":19},"b":{"0":[2,32],"1":[2,12],"2":[1,1],"3":[2,32],"4":[11,23]},"_coverageSchema":"1a1c01bbd47fc00a2c39e90264f33305004495a9","hash":"350e201dce99e60a0ccccac84ac2059d947ef95b"}
,"C:\\Users\\asus\\Desktop\\CSE 183\\asgn8_real\\cse-183-final-project\\frontend\\src\\components\\Login.js": {"path":"C:\\Users\\asus\\Desktop\\CSE 183\\asgn8_real\\cse-183-final-project\\frontend\\src\\components\\Login.js","statementMap":{"0":{"start":{"line":19,"column":18},"end":{"line":26,"column":3}},"1":{"start":{"line":19,"column":41},"end":{"line":26,"column":1}},"2":{"start":{"line":34,"column":26},"end":{"line":34,"column":67}},"3":{"start":{"line":35,"column":18},"end":{"line":35,"column":30}},"4":{"start":{"line":37,"column":28},"end":{"line":42,"column":3}},"5":{"start":{"line":38,"column":26},"end":{"line":38,"column":38}},"6":{"start":{"line":39,"column":14},"end":{"line":39,"column":18}},"7":{"start":{"line":40,"column":4},"end":{"line":40,"column":20}},"8":{"start":{"line":41,"column":4},"end":{"line":41,"column":15}},"9":{"start":{"line":43,"column":19},"end":{"line":67,"column":3}},"10":{"start":{"line":44,"column":4},"end":{"line":44,"column":27}},"11":{"start":{"line":45,"column":4},"end":{"line":62,"column":9}},"12":{"start":{"line":56,"column":8},"end":{"line":56,"column":26}},"13":{"start":{"line":60,"column":8},"end":{"line":60,"column":59}},"14":{"start":{"line":61,"column":8},"end":{"line":61,"column":26}},"15":{"start":{"line":69,"column":2},"end":{"line":89,"column":4}},"16":{"start":{"line":99,"column":18},"end":{"line":99,"column":29}},"17":{"start":{"line":100,"column":2},"end":{"line":120,"column":4}}},"fnMap":{"0":{"name":"(anonymous_0)","decl":{"start":{"line":19,"column":29},"end":{"line":19,"column":30}},"loc":{"start":{"line":19,"column":41},"end":{"line":26,"column":1}},"line":19},"1":{"name":"Login","decl":{"start":{"line":33,"column":9},"end":{"line":33,"column":14}},"loc":{"start":{"line":33,"column":17},"end":{"line":90,"column":1}},"line":33},"2":{"name":"(anonymous_2)","decl":{"start":{"line":37,"column":28},"end":{"line":37,"column":29}},"loc":{"start":{"line":37,"column":39},"end":{"line":42,"column":3}},"line":37},"3":{"name":"(anonymous_3)","decl":{"start":{"line":43,"column":19},"end":{"line":43,"column":20}},"loc":{"start":{"line":43,"column":30},"end":{"line":67,"column":3}},"line":43},"4":{"name":"(anonymous_4)","decl":{"start":{"line":52,"column":12},"end":{"line":52,"column":13}},"loc":{"start":{"line":52,"column":21},"end":{"line":57,"column":7}},"line":52},"5":{"name":"(anonymous_5)","decl":{"start":{"line":58,"column":12},"end":{"line":58,"column":13}},"loc":{"start":{"line":58,"column":22},"end":{"line":62,"column":7}},"line":58},"6":{"name":"LoginScreen","decl":{"start":{"line":98,"column":24},"end":{"line":98,"column":35}},"loc":{"start":{"line":98,"column":38},"end":{"line":121,"column":1}},"line":98}},"branchMap":{},"s":{"0":4,"1":6,"2":6,"3":6,"4":6,"5":50,"6":50,"7":50,"8":50,"9":6,"10":2,"11":2,"12":1,"13":1,"14":1,"15":6,"16":6,"17":6},"f":{"0":6,"1":6,"2":50,"3":2,"4":1,"5":1,"6":6},"b":{},"_coverageSchema":"1a1c01bbd47fc00a2c39e90264f33305004495a9","hash":"b37552ec499934327d8bb94187254e51be21d896"}
}
