TN:
SF:src\components\App.js
FN:19,App
FNF:1
FNH:1
FNDA:11,App
DA:20,11
LF:1
LH:1
BRF:0
BRH:0
end_of_record
TN:
SF:src\components\Category.js
FN:29,CategoryScreen
FNF:1
FNH:1
FNDA:1,CategoryScreen
DA:30,1
LF:1
LH:1
BRF:0
BRH:0
end_of_record
TN:
SF:src\components\CreateUser.js
FN:19,(anonymous_0)
FN:33,CreateUser
FN:37,(anonymous_2)
FN:44,(anonymous_3)
FN:53,(anonymous_4)
FN:57,(anonymous_5)
FN:103,CreateUserScreen
FNF:7
FNH:7
FNDA:3,(anonymous_0)
FNDA:3,CreateUser
FNDA:24,(anonymous_2)
FNDA:1,(anonymous_3)
FNDA:1,(anonymous_4)
FNDA:1,(anonymous_5)
FNDA:3,CreateUserScreen
DA:19,4
DA:34,3
DA:35,3
DA:37,3
DA:38,24
DA:39,24
DA:40,24
DA:41,24
DA:44,3
DA:45,1
DA:46,1
DA:55,1
DA:59,1
DA:60,1
DA:64,3
DA:104,3
DA:105,3
LF:17
LH:17
BRF:0
BRH:0
end_of_record
TN:
SF:src\components\Homepage.js
FN:15,(anonymous_0)
FN:44,(anonymous_1)
FN:48,(anonymous_2)
FN:54,(anonymous_3)
FN:66,(anonymous_4)
FN:70,(anonymous_5)
FN:73,(anonymous_6)
FN:85,Homepage
FN:91,(anonymous_8)
FN:96,(anonymous_9)
FN:100,(anonymous_10)
FN:112,(anonymous_11)
FN:241,(anonymous_12)
FNF:13
FNH:13
FNDA:15,(anonymous_0)
FNDA:2,(anonymous_1)
FNDA:2,(anonymous_2)
FNDA:2,(anonymous_3)
FNDA:1,(anonymous_4)
FNDA:1,(anonymous_5)
FNDA:1,(anonymous_6)
FNDA:34,Homepage
FNDA:2,(anonymous_8)
FNDA:12,(anonymous_9)
FNDA:14,(anonymous_10)
FNDA:2,(anonymous_11)
FNDA:19,(anonymous_12)
DA:15,15
DA:44,4
DA:45,2
DA:52,2
DA:57,2
DA:66,4
DA:67,1
DA:71,1
DA:76,1
DA:86,34
DA:87,34
DA:88,34
DA:89,34
DA:90,34
DA:91,34
DA:92,2
DA:93,2
DA:96,34
DA:97,12
DA:100,34
DA:101,14
DA:102,2
DA:103,1
DA:109,34
DA:112,34
DA:113,2
DA:114,2
DA:124,34
DA:242,19
LF:29
LH:29
BRDA:88,0,0,2
BRDA:88,0,1,32
BRDA:101,1,0,2
BRDA:101,1,1,12
BRDA:102,2,0,1
BRDA:102,2,1,1
BRDA:154,3,0,2
BRDA:154,3,1,32
BRDA:238,4,0,11
BRDA:238,4,1,23
BRF:10
BRH:10
end_of_record
TN:
SF:src\components\Login.js
FN:19,(anonymous_0)
FN:33,Login
FN:37,(anonymous_2)
FN:43,(anonymous_3)
FN:52,(anonymous_4)
FN:58,(anonymous_5)
FN:98,LoginScreen
FNF:7
FNH:7
FNDA:6,(anonymous_0)
FNDA:6,Login
FNDA:50,(anonymous_2)
FNDA:2,(anonymous_3)
FNDA:1,(anonymous_4)
FNDA:1,(anonymous_5)
FNDA:6,LoginScreen
DA:19,6
DA:34,6
DA:35,6
DA:37,6
DA:38,50
DA:39,50
DA:40,50
DA:41,50
DA:43,6
DA:44,2
DA:45,2
DA:56,1
DA:60,1
DA:61,1
DA:69,6
DA:99,6
DA:100,6
LF:17
LH:17
BRF:0
BRH:0
end_of_record
