{"C:\\Users\\asus\\Desktop\\CSE 183\\asgn8_real\\cse-183-final-project\\backend\\src\\app.js": {"path":"C:\\Users\\asus\\Desktop\\CSE 183\\asgn8_real\\cse-183-final-project\\backend\\src\\app.js","statementMap":{"0":{"start":{"line":1,"column":16},"end":{"line":1,"column":34}},"1":{"start":{"line":2,"column":13},"end":{"line":2,"column":28}},"2":{"start":{"line":3,"column":13},"end":{"line":3,"column":31}},"3":{"start":{"line":4,"column":18},"end":{"line":4,"column":47}},"4":{"start":{"line":5,"column":11},"end":{"line":5,"column":24}},"5":{"start":{"line":6,"column":13},"end":{"line":6,"column":28}},"6":{"start":{"line":7,"column":25},"end":{"line":7,"column":61}},"7":{"start":{"line":10,"column":13},"end":{"line":10,"column":30}},"8":{"start":{"line":11,"column":13},"end":{"line":11,"column":34}},"9":{"start":{"line":13,"column":12},"end":{"line":13,"column":21}},"10":{"start":{"line":14,"column":0},"end":{"line":14,"column":16}},"11":{"start":{"line":15,"column":0},"end":{"line":15,"column":24}},"12":{"start":{"line":16,"column":0},"end":{"line":16,"column":47}},"13":{"start":{"line":18,"column":16},"end":{"line":18,"column":59}},"14":{"start":{"line":20,"column":15},"end":{"line":20,"column":58}},"15":{"start":{"line":21,"column":0},"end":{"line":21,"column":66}},"16":{"start":{"line":23,"column":0},"end":{"line":29,"column":2}},"17":{"start":{"line":33,"column":0},"end":{"line":33,"column":45}},"18":{"start":{"line":34,"column":0},"end":{"line":34,"column":41}},"19":{"start":{"line":36,"column":0},"end":{"line":36,"column":40}},"20":{"start":{"line":37,"column":0},"end":{"line":37,"column":50}},"21":{"start":{"line":39,"column":0},"end":{"line":45,"column":3}},"22":{"start":{"line":40,"column":2},"end":{"line":44,"column":5}},"23":{"start":{"line":47,"column":0},"end":{"line":47,"column":21}}},"fnMap":{"0":{"name":"(anonymous_0)","decl":{"start":{"line":39,"column":8},"end":{"line":39,"column":9}},"loc":{"start":{"line":39,"column":33},"end":{"line":45,"column":1}},"line":39}},"branchMap":{},"s":{"0":4,"1":4,"2":4,"3":4,"4":4,"5":4,"6":4,"7":4,"8":4,"9":4,"10":4,"11":4,"12":4,"13":4,"14":4,"15":4,"16":4,"17":4,"18":4,"19":4,"20":4,"21":4,"22":4,"23":4},"f":{"0":4},"b":{},"_coverageSchema":"1a1c01bbd47fc00a2c39e90264f33305004495a9","hash":"aef052835d167b7b89c54d06a8178d20769d4e78"}
,"C:\\Users\\asus\\Desktop\\CSE 183\\asgn8_real\\cse-183-final-project\\backend\\src\\auth.js": {"path":"C:\\Users\\asus\\Desktop\\CSE 183\\asgn8_real\\cse-183-final-project\\backend\\src\\auth.js","statementMap":{"0":{"start":{"line":1,"column":12},"end":{"line":1,"column":35}},"1":{"start":{"line":3,"column":13},"end":{"line":3,"column":30}},"2":{"start":{"line":4,"column":19},"end":{"line":4,"column":21}},"3":{"start":{"line":5,"column":11},"end":{"line":5,"column":26}},"4":{"start":{"line":7,"column":16},"end":{"line":7,"column":50}},"5":{"start":{"line":9,"column":0},"end":{"line":23,"column":2}},"6":{"start":{"line":10,"column":30},"end":{"line":10,"column":38}},"7":{"start":{"line":11,"column":15},"end":{"line":11,"column":39}},"8":{"start":{"line":12,"column":2},"end":{"line":22,"column":3}},"9":{"start":{"line":13,"column":24},"end":{"line":18,"column":8}},"10":{"start":{"line":19,"column":4},"end":{"line":19,"column":79}},"11":{"start":{"line":21,"column":4},"end":{"line":21,"column":59}},"12":{"start":{"line":25,"column":0},"end":{"line":30,"column":1}},"13":{"start":{"line":26,"column":36},"end":{"line":26,"column":44}},"14":{"start":{"line":27,"column":15},"end":{"line":27,"column":58}},"15":{"start":{"line":28,"column":18},"end":{"line":28,"column":53}},"16":{"start":{"line":29,"column":2},"end":{"line":29,"column":32}}},"fnMap":{"0":{"name":"(anonymous_0)","decl":{"start":{"line":9,"column":23},"end":{"line":9,"column":24}},"loc":{"start":{"line":9,"column":43},"end":{"line":23,"column":1}},"line":9},"1":{"name":"(anonymous_1)","decl":{"start":{"line":25,"column":21},"end":{"line":25,"column":22}},"loc":{"start":{"line":25,"column":41},"end":{"line":30,"column":1}},"line":25}},"branchMap":{"0":{"loc":{"start":{"line":12,"column":2},"end":{"line":22,"column":3}},"type":"if","locations":[{"start":{"line":12,"column":2},"end":{"line":22,"column":3}},{"start":{"line":20,"column":9},"end":{"line":22,"column":3}}],"line":12},"1":{"loc":{"start":{"line":12,"column":6},"end":{"line":12,"column":66}},"type":"binary-expr","locations":[{"start":{"line":12,"column":6},"end":{"line":12,"column":10}},{"start":{"line":12,"column":14},"end":{"line":12,"column":66}}],"line":12}},"s":{"0":4,"1":4,"2":4,"3":4,"4":4,"5":4,"6":3,"7":3,"8":3,"9":2,"10":2,"11":1,"12":4,"13":1,"14":1,"15":1,"16":1},"f":{"0":3,"1":1},"b":{"0":[2,1],"1":[3,2]},"_coverageSchema":"1a1c01bbd47fc00a2c39e90264f33305004495a9","hash":"17afd57632f59010d627b8a2e4024086ccbe03ad"}
,"C:\\Users\\asus\\Desktop\\CSE 183\\asgn8_real\\cse-183-final-project\\backend\\src\\db.js": {"path":"C:\\Users\\asus\\Desktop\\CSE 183\\asgn8_real\\cse-183-final-project\\backend\\src\\db.js","statementMap":{"0":{"start":{"line":1,"column":15},"end":{"line":1,"column":28}},"1":{"start":{"line":3,"column":13},"end":{"line":9,"column":2}},"2":{"start":{"line":11,"column":0},"end":{"line":20,"column":2}},"3":{"start":{"line":12,"column":17},"end":{"line":12,"column":79}},"4":{"start":{"line":13,"column":16},"end":{"line":16,"column":3}},"5":{"start":{"line":17,"column":17},"end":{"line":17,"column":40}},"6":{"start":{"line":19,"column":2},"end":{"line":19,"column":48}},"7":{"start":{"line":24,"column":0},"end":{"line":39,"column":2}},"8":{"start":{"line":25,"column":18},"end":{"line":29,"column":3}},"9":{"start":{"line":30,"column":17},"end":{"line":30,"column":73}},"10":{"start":{"line":31,"column":16},"end":{"line":34,"column":3}},"11":{"start":{"line":35,"column":17},"end":{"line":35,"column":40}},"12":{"start":{"line":38,"column":2},"end":{"line":38,"column":17}},"13":{"start":{"line":41,"column":0},"end":{"line":49,"column":1}},"14":{"start":{"line":42,"column":17},"end":{"line":42,"column":48}},"15":{"start":{"line":43,"column":16},"end":{"line":45,"column":3}},"16":{"start":{"line":46,"column":17},"end":{"line":46,"column":40}},"17":{"start":{"line":48,"column":2},"end":{"line":48,"column":14}},"18":{"start":{"line":51,"column":0},"end":{"line":62,"column":1}},"19":{"start":{"line":53,"column":21},"end":{"line":53,"column":35}},"20":{"start":{"line":54,"column":17},"end":{"line":54,"column":102}},"21":{"start":{"line":55,"column":16},"end":{"line":58,"column":3}},"22":{"start":{"line":59,"column":17},"end":{"line":59,"column":40}},"23":{"start":{"line":61,"column":2},"end":{"line":61,"column":14}}},"fnMap":{"0":{"name":"(anonymous_0)","decl":{"start":{"line":11,"column":19},"end":{"line":11,"column":20}},"loc":{"start":{"line":11,"column":36},"end":{"line":20,"column":1}},"line":11},"1":{"name":"(anonymous_1)","decl":{"start":{"line":24,"column":18},"end":{"line":24,"column":19}},"loc":{"start":{"line":24,"column":60},"end":{"line":39,"column":1}},"line":24},"2":{"name":"(anonymous_2)","decl":{"start":{"line":41,"column":25},"end":{"line":41,"column":26}},"loc":{"start":{"line":41,"column":37},"end":{"line":49,"column":1}},"line":41},"3":{"name":"(anonymous_3)","decl":{"start":{"line":51,"column":22},"end":{"line":51,"column":23}},"loc":{"start":{"line":51,"column":40},"end":{"line":62,"column":1}},"line":51}},"branchMap":{"0":{"loc":{"start":{"line":19,"column":9},"end":{"line":19,"column":47}},"type":"cond-expr","locations":[{"start":{"line":19,"column":28},"end":{"line":19,"column":35}},{"start":{"line":19,"column":38},"end":{"line":19,"column":47}}],"line":19}},"s":{"0":4,"1":4,"2":4,"3":3,"4":3,"5":3,"6":3,"7":4,"8":1,"9":1,"10":1,"11":1,"12":1,"13":4,"14":1,"15":1,"16":1,"17":1,"18":4,"19":2,"20":2,"21":2,"22":2,"23":2},"f":{"0":3,"1":1,"2":1,"3":2},"b":{"0":[2,1]},"_coverageSchema":"1a1c01bbd47fc00a2c39e90264f33305004495a9","hash":"1878ca7a18938ad4ff99683ccad178e8a347cb1c"}
,"C:\\Users\\asus\\Desktop\\CSE 183\\asgn8_real\\cse-183-final-project\\backend\\src\\listings.js": {"path":"C:\\Users\\asus\\Desktop\\CSE 183\\asgn8_real\\cse-183-final-project\\backend\\src\\listings.js","statementMap":{"0":{"start":{"line":1,"column":19},"end":{"line":1,"column":40}},"1":{"start":{"line":2,"column":11},"end":{"line":2,"column":26}},"2":{"start":{"line":4,"column":0},"end":{"line":13,"column":1}},"3":{"start":{"line":7,"column":21},"end":{"line":7,"column":46}},"4":{"start":{"line":12,"column":4},"end":{"line":12,"column":35}},"5":{"start":{"line":15,"column":0},"end":{"line":20,"column":1}},"6":{"start":{"line":18,"column":19},"end":{"line":18,"column":58}},"7":{"start":{"line":19,"column":4},"end":{"line":19,"column":35}}},"fnMap":{"0":{"name":"(anonymous_0)","decl":{"start":{"line":4,"column":17},"end":{"line":4,"column":18}},"loc":{"start":{"line":4,"column":37},"end":{"line":13,"column":1}},"line":4},"1":{"name":"(anonymous_1)","decl":{"start":{"line":15,"column":20},"end":{"line":15,"column":21}},"loc":{"start":{"line":15,"column":40},"end":{"line":20,"column":1}},"line":15}},"branchMap":{},"s":{"0":4,"1":4,"2":4,"3":1,"4":1,"5":4,"6":2,"7":2},"f":{"0":1,"1":2},"b":{},"_coverageSchema":"1a1c01bbd47fc00a2c39e90264f33305004495a9","hash":"615b02a1da3f74167b8c24af8e1c427a58b220b5"}
,"C:\\Users\\asus\\Desktop\\CSE 183\\asgn8_real\\cse-183-final-project\\backend\\src\\__tests__\\db.js": {"path":"C:\\Users\\asus\\Desktop\\CSE 183\\asgn8_real\\cse-183-final-project\\backend\\src\\__tests__\\db.js","statementMap":{"0":{"start":{"line":5,"column":11},"end":{"line":5,"column":24}},"1":{"start":{"line":6,"column":15},"end":{"line":6,"column":28}},"2":{"start":{"line":8,"column":0},"end":{"line":8,"column":27}},"3":{"start":{"line":9,"column":0},"end":{"line":9,"column":31}},"4":{"start":{"line":11,"column":13},"end":{"line":17,"column":2}},"5":{"start":{"line":19,"column":12},"end":{"line":25,"column":1}},"6":{"start":{"line":20,"column":18},"end":{"line":20,"column":47}},"7":{"start":{"line":21,"column":21},"end":{"line":21,"column":43}},"8":{"start":{"line":22,"column":2},"end":{"line":24,"column":3}},"9":{"start":{"line":23,"column":4},"end":{"line":23,"column":32}},"10":{"start":{"line":27,"column":0},"end":{"line":31,"column":2}},"11":{"start":{"line":28,"column":2},"end":{"line":28,"column":30}},"12":{"start":{"line":29,"column":2},"end":{"line":29,"column":28}},"13":{"start":{"line":30,"column":2},"end":{"line":30,"column":31}}},"fnMap":{"0":{"name":"(anonymous_0)","decl":{"start":{"line":19,"column":12},"end":{"line":19,"column":13}},"loc":{"start":{"line":19,"column":28},"end":{"line":25,"column":1}},"line":19},"1":{"name":"(anonymous_1)","decl":{"start":{"line":27,"column":16},"end":{"line":27,"column":17}},"loc":{"start":{"line":27,"column":28},"end":{"line":31,"column":1}},"line":27}},"branchMap":{},"s":{"0":4,"1":4,"2":4,"3":4,"4":4,"5":4,"6":12,"7":12,"8":12,"9":84,"10":4,"11":4,"12":4,"13":4},"f":{"0":12,"1":4},"b":{},"_coverageSchema":"1a1c01bbd47fc00a2c39e90264f33305004495a9","hash":"596020298cdf62fd44ff14a989d17e180faa365d"}
}
