TN:
SF:src\app.js
FN:39,(anonymous_0)
FNF:1
FNH:1
FNDA:4,(anonymous_0)
DA:1,4
DA:2,4
DA:3,4
DA:4,4
DA:5,4
DA:6,4
DA:7,4
DA:10,4
DA:11,4
DA:13,4
DA:14,4
DA:15,4
DA:16,4
DA:18,4
DA:20,4
DA:21,4
DA:23,4
DA:33,4
DA:34,4
DA:36,4
DA:37,4
DA:39,4
DA:40,4
DA:47,4
LF:24
LH:24
BRF:0
BRH:0
end_of_record
TN:
SF:src\auth.js
FN:9,(anonymous_0)
FN:25,(anonymous_1)
FNF:2
FNH:2
FNDA:3,(anonymous_0)
FNDA:1,(anonymous_1)
DA:1,4
DA:3,4
DA:4,4
DA:5,4
DA:7,4
DA:9,4
DA:10,3
DA:11,3
DA:12,3
DA:13,2
DA:19,2
DA:21,1
DA:25,4
DA:26,1
DA:27,1
DA:28,1
DA:29,1
LF:17
LH:17
BRDA:12,0,0,2
BRDA:12,0,1,1
BRDA:12,1,0,3
BRDA:12,1,1,2
BRF:4
BRH:4
end_of_record
TN:
SF:src\db.js
FN:11,(anonymous_0)
FN:24,(anonymous_1)
FN:41,(anonymous_2)
FN:51,(anonymous_3)
FNF:4
FNH:4
FNDA:3,(anonymous_0)
FNDA:1,(anonymous_1)
FNDA:1,(anonymous_2)
FNDA:2,(anonymous_3)
DA:1,4
DA:3,4
DA:11,4
DA:12,3
DA:13,3
DA:17,3
DA:19,3
DA:24,4
DA:25,1
DA:30,1
DA:31,1
DA:35,1
DA:38,1
DA:41,4
DA:42,1
DA:43,1
DA:46,1
DA:48,1
DA:51,4
DA:53,2
DA:54,2
DA:55,2
DA:59,2
DA:61,2
LF:24
LH:24
BRDA:19,0,0,2
BRDA:19,0,1,1
BRF:2
BRH:2
end_of_record
TN:
SF:src\listings.js
FN:4,(anonymous_0)
FN:15,(anonymous_1)
FNF:2
FNH:2
FNDA:1,(anonymous_0)
FNDA:2,(anonymous_1)
DA:1,4
DA:2,4
DA:4,4
DA:7,1
DA:12,1
DA:15,4
DA:18,2
DA:19,2
LF:8
LH:8
BRF:0
BRH:0
end_of_record
TN:
SF:src\__tests__\db.js
FN:19,(anonymous_0)
FN:27,(anonymous_1)
FNF:2
FNH:2
FNDA:12,(anonymous_0)
FNDA:4,(anonymous_1)
DA:5,4
DA:6,4
DA:8,4
DA:9,4
DA:11,4
DA:19,4
DA:20,12
DA:21,12
DA:22,12
DA:23,84
DA:27,4
DA:28,4
DA:29,4
DA:30,4
LF:14
LH:14
BRF:0
BRH:0
end_of_record
